

Started GET "/" for ::1 at 2016-11-02 00:44:03 -0200
Processing by Rails::WelcomeController#index as HTML
  Rendered /home/danilo/.rvm/gems/ruby-2.2.5@finnet/gems/railties-4.2.0/lib/rails/templates/rails/welcome/index.html.erb (1.7ms)
Completed 200 OK in 19ms (Views: 11.4ms | ActiveRecord: 0.0ms)


Started GET "/" for ::1 at 2016-11-02 01:09:50 -0200
Processing by Rails::WelcomeController#index as HTML
  Rendered /home/danilo/.rvm/gems/ruby-2.2.5@finnet/gems/railties-4.2.0/lib/rails/templates/rails/welcome/index.html.erb (1.7ms)
Completed 200 OK in 24ms (Views: 14.8ms | ActiveRecord: 0.0ms)


Started GET "/" for ::1 at 2016-11-03 11:05:49 -0200
Processing by Rails::WelcomeController#index as HTML
  Rendered /home/danilo/.rvm/gems/ruby-2.2.5@finnet/gems/railties-4.2.0/lib/rails/templates/rails/welcome/index.html.erb (3.3ms)
Completed 200 OK in 39ms (Views: 26.5ms | ActiveRecord: 0.0ms)


Started GET "/" for ::1 at 2016-11-03 11:30:44 -0200
Processing by Rails::WelcomeController#index as HTML
  Rendered /home/danilo/.rvm/gems/ruby-2.2.5@finnet/gems/railties-4.2.0/lib/rails/templates/rails/welcome/index.html.erb (3.2ms)
Completed 200 OK in 213ms (Views: 62.4ms | ActiveRecord: 0.0ms)


Started GET "/" for ::1 at 2016-11-03 11:35:58 -0200
Processing by ApplicationController#hello as HTML
  Rendered html template (0.0ms)
Completed 200 OK in 40ms (Views: 39.5ms | ActiveRecord: 0.0ms)


Started GET "/" for ::1 at 2016-11-03 11:46:00 -0200
Processing by ApplicationController#hello as HTML
  Rendered html template (0.0ms)
Completed 200 OK in 20ms (Views: 10.8ms | ActiveRecord: 0.0ms)
